<?xml version="1.0" encoding="UTF-8"?>
<coverage generated="1551336814529" clover="3.2.0">
  <project timestamp="1551336814530" name="All files">
    <metrics statements="17" coveredstatements="17" conditionals="0" coveredconditionals="0" methods="5" coveredmethods="5" elements="22" coveredelements="22" complexity="0" loc="17" ncloc="17" packages="1" files="2" classes="2"/>
    <file name="Utility.js" path="D:\Workspace\UI_Developement\Offline_Classes\11AM_BATCH\Node_JS\Node_JS_Completed_Files\20_JEST_Framework\Utility.js">
      <metrics statements="9" coveredstatements="9" conditionals="0" coveredconditionals="0" methods="2" coveredmethods="2"/>
      <line num="1" count="1" type="stmt"/>
      <line num="2" count="1" type="stmt"/>
      <line num="3" count="1" type="stmt"/>
      <line num="4" count="3" type="stmt"/>
      <line num="6" count="1" type="stmt"/>
      <line num="9" count="1" type="stmt"/>
      <line num="10" count="2" type="stmt"/>
      <line num="11" count="2" type="stmt"/>
      <line num="14" count="1" type="stmt"/>
    </file>
    <file name="app.js" path="D:\Workspace\UI_Developement\Offline_Classes\11AM_BATCH\Node_JS\Node_JS_Completed_Files\20_JEST_Framework\app.js">
      <metrics statements="8" coveredstatements="8" conditionals="0" coveredconditionals="0" methods="3" coveredmethods="3"/>
      <line num="1" count="1" type="stmt"/>
      <line num="2" count="3" type="stmt"/>
      <line num="5" count="1" type="stmt"/>
      <line num="6" count="1" type="stmt"/>
      <line num="9" count="1" type="stmt"/>
      <line num="10" count="1" type="stmt"/>
      <line num="15" count="1" type="stmt"/>
      <line num="18" count="1" type="stmt"/>
    </file>
  </project>
</coverage>
