TN:
SF:D:\Workspace\UI_Developement\Offline_Classes\11AM_BATCH\Node_JS\Node_JS_Completed_Files\20_JEST_Framework\Utility.js
FN:1,(anonymous_0)
FN:9,(anonymous_1)
FNF:2
FNH:2
FNDA:1,(anonymous_0)
FNDA:2,(anonymous_1)
DA:1,1
DA:2,1
DA:3,1
DA:4,3
DA:6,1
DA:9,1
DA:10,2
DA:11,2
DA:14,1
LF:9
LH:9
BRF:0
BRH:0
end_of_record
TN:
SF:D:\Workspace\UI_Developement\Offline_Classes\11AM_BATCH\Node_JS\Node_JS_Completed_Files\20_JEST_Framework\app.js
FN:1,(anonymous_0)
FN:5,(anonymous_1)
FN:9,(anonymous_2)
FNF:3
FNH:3
FNDA:3,(anonymous_0)
FNDA:1,(anonymous_1)
FNDA:1,(anonymous_2)
DA:1,1
DA:2,3
DA:5,1
DA:6,1
DA:9,1
DA:10,1
DA:15,1
DA:18,1
LF:8
LH:8
BRF:0
BRH:0
end_of_record
